<?xml version="1.0" encoding="UTF-8"?>
<testng-results ignored="0" total="1" passed="1" failed="0" skipped="0">
  <reporter-output>
  </reporter-output>
  <suite started-at="2019-07-16T21:08:21Z" name="Default suite" finished-at="2019-07-16T21:09:22Z" duration-ms="60793">
    <groups>
      <group name="cucumber">
        <method signature="AbstractTestNGCucumberTests.runScenario(io.cucumber.testng.PickleEventWrapper, io.cucumber.testng.CucumberFeatureWrapper)[pri:0, instance:com.webautomation.runner.TestNGRunner@d706f19]" name="runScenario" class="io.cucumber.testng.AbstractTestNGCucumberTests"/>
      </group> <!-- cucumber -->
    </groups>
    <test started-at="2019-07-16T21:08:21Z" name="Default test" finished-at="2019-07-16T21:09:22Z" duration-ms="60793">
      <class name="com.webautomation.runner.TestNGRunner">
        <test-method is-config="true" signature="setUpClass()[pri:0, instance:com.webautomation.runner.TestNGRunner@d706f19]" started-at="2019-07-16T21:08:21Z" name="setUpClass" finished-at="2019-07-16T21:08:21Z" duration-ms="82" status="PASS">
          <reporter-output>
          </reporter-output>
        </test-method> <!-- setUpClass -->
        <test-method signature="runScenario(io.cucumber.testng.PickleEventWrapper, io.cucumber.testng.CucumberFeatureWrapper)[pri:0, instance:com.webautomation.runner.TestNGRunner@d706f19]" started-at="2019-07-16T21:08:21Z" name="runScenario" description="Runs Cucumber Scenarios" data-provider="scenarios" finished-at="2019-07-16T21:09:22Z" duration-ms="60478" status="PASS">
          <params>
            <param index="0">
              <value>
                <![CDATA["Order T-Shirt from Online Shopping Portal"]]>
              </value>
            </param>
            <param index="1">
              <value>
                <![CDATA["Order T-Shirt and verify in your order history"]]>
              </value>
            </param>
          </params>
          <reporter-output>
          </reporter-output>
        </test-method> <!-- runScenario -->
        <test-method is-config="true" signature="tearDownClass()[pri:0, instance:com.webautomation.runner.TestNGRunner@d706f19]" started-at="2019-07-16T21:09:22Z" name="tearDownClass" finished-at="2019-07-16T21:09:22Z" duration-ms="164" status="PASS">
          <reporter-output>
          </reporter-output>
        </test-method> <!-- tearDownClass -->
      </class> <!-- com.webautomation.runner.TestNGRunner -->
    </test> <!-- Default test -->
  </suite> <!-- Default suite -->
</testng-results>
